<?xml version="1.0" encoding="UTF-8"?>
<!-- Generated by org.testng.reporters.JUnitXMLReporter -->
<testsuite ignored="0" hostname="kmaster" failures="0" tests="3" name="Default test" time="6.802" errors="0" timestamp="2025-08-05T19:31:33 GST">
  <testcase classname="test.Validation" name="emailTextBoxPlaceholderValidation" time="0.112"/>
  <testcase classname="test.Validation" name="passwordBoxPlaceholderValidation" time="0.042"/>
  <testcase classname="test.Validation" name="welcomeMessageValidation" time="0.057"/>
</testsuite> <!-- Default test -->
