<?xml version="1.0" encoding="UTF-8"?>
<testng-results ignored="0" total="3" passed="3" failed="0" skipped="0">
  <reporter-output>
    <line>
      <![CDATA[Email Placeholder: Email or phone number]]>
    </line>
    <line>
      <![CDATA[Password Placeholder: Password]]>
    </line>
    <line>
      <![CDATA[Actual Welcome Message: Connect with friends and the world around you on Facebook.]]>
    </line>
  </reporter-output>
  <suite started-at="2025-08-05T20:57:16 GST" name="Default suite" finished-at="2025-08-05T20:57:20 GST" duration-ms="4131">
    <groups>
    </groups>
    <test started-at="2025-08-05T20:57:16 GST" name="Default test" finished-at="2025-08-05T20:57:20 GST" duration-ms="4131">
      <class name="test.Validation">
        <test-method is-config="true" signature="setup()[pri:0, instance:test.Validation@1b919693]" started-at="2025-08-05T20:57:16 GST" name="setup" finished-at="2025-08-05T20:57:19 GST" duration-ms="3720" status="PASS">
          <reporter-output>
          </reporter-output>
        </test-method> <!-- setup -->
        <test-method signature="emailTextBoxPlaceholderValidation()[pri:0, instance:test.Validation@1b919693]" started-at="2025-08-05T20:57:19 GST" name="emailTextBoxPlaceholderValidation" finished-at="2025-08-05T20:57:19 GST" duration-ms="92" status="PASS">
          <reporter-output>
            <line>
              <![CDATA[Email Placeholder: Email or phone number]]>
            </line>
          </reporter-output>
        </test-method> <!-- emailTextBoxPlaceholderValidation -->
        <test-method signature="passwordBoxPlaceholderValidation()[pri:0, instance:test.Validation@1b919693]" started-at="2025-08-05T20:57:19 GST" name="passwordBoxPlaceholderValidation" finished-at="2025-08-05T20:57:19 GST" duration-ms="39" status="PASS">
          <reporter-output>
            <line>
              <![CDATA[Password Placeholder: Password]]>
            </line>
          </reporter-output>
        </test-method> <!-- passwordBoxPlaceholderValidation -->
        <test-method signature="welcomeMessageValidation()[pri:0, instance:test.Validation@1b919693]" started-at="2025-08-05T20:57:20 GST" name="welcomeMessageValidation" finished-at="2025-08-05T20:57:20 GST" duration-ms="52" status="PASS">
          <reporter-output>
            <line>
              <![CDATA[Actual Welcome Message: Connect with friends and the world around you on Facebook.]]>
            </line>
          </reporter-output>
        </test-method> <!-- welcomeMessageValidation -->
        <test-method is-config="true" signature="tearDown()[pri:0, instance:test.Validation@1b919693]" started-at="2025-08-05T20:57:20 GST" name="tearDown" finished-at="2025-08-05T20:57:20 GST" duration-ms="99" status="PASS">
          <reporter-output>
          </reporter-output>
        </test-method> <!-- tearDown -->
      </class> <!-- test.Validation -->
    </test> <!-- Default test -->
  </suite> <!-- Default suite -->
</testng-results>
