<?xml version="1.0" encoding="UTF-8"?>
<!-- Generated by org.testng.reporters.JUnitXMLReporter -->
<testsuite ignored="0" hostname="kmaster" failures="0" tests="3" name="Default test" time="4.131" errors="0" timestamp="2025-08-05T20:57:20 GST">
  <testcase classname="test.Validation" name="emailTextBoxPlaceholderValidation" time="0.092"/>
  <testcase classname="test.Validation" name="passwordBoxPlaceholderValidation" time="0.039"/>
  <testcase classname="test.Validation" name="welcomeMessageValidation" time="0.052"/>
</testsuite> <!-- Default test -->
